Start testing: Jul 03 10:20 CEST
----------------------------------------------------------
1/1 Testing: lotka_volterra_test
1/1 Test: lotka_volterra_test
Command: "/home/davide/Documents/ProjectsVSC/lotka_volterra/build/lotka_volterra_test"
Directory: /home/davide/Documents/ProjectsVSC/lotka_volterra/build
"lotka_volterra_test" start time: Jul 03 10:20 CEST
Output:
----------------------------------------------------------
[doctest] doctest version is "2.4.11"
[doctest] run with "--help" for options
===============================================================================
[doctest] test cases:  4 |  4 passed | 0 failed | 0 skipped
[doctest] assertions: 10 | 10 passed | 0 failed |
[doctest] Status: SUCCESS!
<end of output>
Test time =   0.03 sec
----------------------------------------------------------
Test Passed.
"lotka_volterra_test" end time: Jul 03 10:20 CEST
"lotka_volterra_test" time elapsed: 00:00:00
----------------------------------------------------------

End testing: Jul 03 10:20 CEST
